  ADDR B1 B2 B3 B4 D:\CODES\Programmation assembleur\assembleur\IRQ PAGE       1

                           org $fff2
  FFF2 50 00               fdb $5000

                           org $fff4
  FFF4 40 00               fdb $4000

                           org $c000
  C000 7F 60 00            clr $6000
  C003 0E                  cli
  C004 3E          etdb    wai
  C005 20 FD               bra etdb

                           org $5000
  5000 B6 60 00            ldaa $6000
  5003 81 50               cmpa #$50
  5005 27 03               beq et
  5007 7C 60 00            inc $6000
  500A 3B          et      rti

                           org $4000
  4000 B6 60 00            ldaa $6000
  4003 81 F2               cmpa #$f2
  4005 27 03               beq et1
  4007 7A 60 00            dec $6000
  400A 3B          et1     rti

  Symbol Table 

  ET                 500A
  ETDB               C004
  ET1                400A
